Arguments: 
  /usr/local/bin/node /Users/zacharywade/.yarn/bin/yarn.js add -D isometric-fetch

PATH: 
  /Users/zacharywade/.opam/default/bin:/Users/zacharywade/.yarn/bin:/Users/zacharywade/.config/yarn/global/node_modules/.bin:/usr/local/bin/:/Users/zacharywade/.local/bin:/Users/zacharywade/anaconda2/bin:/Users/zacharywade/Documents/node_modules:/Library/Frameworks/Python.framework/Versions/3.6/bin:/usr/local/bin:/usr/local/sbin:/usr/bin:/bin:/usr/sbin:/sbin:/Users/zacharywade/.opam/4.04.1/bin:/Applications/VMware Fusion.app/Contents/Public:/Library/TeX/texbin:/opt/X11/bin:/Library/Frameworks/Mono.framework/Versions/Current/Commands:/Applications/Wireshark.app/Contents/MacOS:/Users/zacharywade/.opam/default/bin:/Users/zacharywade/.yarn/bin:/Users/zacharywade/.config/yarn/global/node_modules/.bin:/usr/local/bin/:/Users/zacharywade/.local/bin:/Users/zacharywade/anaconda2/bin:/Users/zacharywade/Documents/node_modules:/Users/zacharywade/bin:/usr/texbin:/Users/zacharywade/.cargo/bin:/Applications/Sublime Text.app/Contents/MacOS/:/Users/zacharywade/Documents/cc0/bin:/Users/zacharywade/gocode/bin:/Users/zacharywade/node_modules:/Users/zacharywade/bin:/usr/texbin:/Users/zacharywade/.cargo/bin:/Applications/Sublime Text.app/Contents/MacOS/:/Users/zacharywade/Documents/cc0/bin:/Users/zacharywade/gocode/bin:/Users/zacharywade/node_modules

Yarn version: 
  1.17.3

Node version: 
  14.16.1

Platform: 
  darwin x64

Trace: 
  Error: https://registry.yarnpkg.com/isometric-fetch: Not found
      at Request.params.callback [as _callback] (/Users/zacharywade/.yarn/lib/cli.js:66830:18)
      at Request.self.callback (/Users/zacharywade/.yarn/lib/cli.js:140464:22)
      at Request.emit (events.js:315:20)
      at Request.<anonymous> (/Users/zacharywade/.yarn/lib/cli.js:141436:10)
      at Request.emit (events.js:315:20)
      at IncomingMessage.<anonymous> (/Users/zacharywade/.yarn/lib/cli.js:141358:12)
      at Object.onceWrapper (events.js:421:28)
      at IncomingMessage.emit (events.js:327:22)
      at endReadableNT (internal/streams/readable.js:1327:12)
      at processTicksAndRejections (internal/process/task_queues.js:80:21)

npm manifest: 
  {
    "name": "generator",
    "version": "1.0.0",
    "main": "index.js",
    "license": "MIT",
    "devDependencies": {
      "@types/marked": "^2.0.2",
      "@types/sanitize-html": "^2.3.1",
      "marked": "^2.0.3",
      "sanitize-html": "^2.3.3"
    }
  }

yarn manifest: 
  No manifest

Lockfile: 
  # THIS IS AN AUTOGENERATED FILE. DO NOT EDIT THIS FILE DIRECTLY.
  # yarn lockfile v1
  
  
  "@types/marked@^2.0.2":
    version "2.0.2"
    resolved "https://registry.yarnpkg.com/@types/marked/-/marked-2.0.2.tgz#33a15106383f6e42cd6bdd38093e6b19904e29e1"
    integrity sha512-P4zanhCQKs4tiWPPBGpB7lHflgFCP9DFGNI5YtpW9MALKoy2qs9rHNWJ+z55cegD9uCfnmsKuaosq9FNvbxrOw==
  
  "@types/sanitize-html@^2.3.1":
    version "2.3.1"
    resolved "https://registry.yarnpkg.com/@types/sanitize-html/-/sanitize-html-2.3.1.tgz#094d696b83b7394b016e96342bbffa6a028795ce"
    integrity sha512-+UT/XRluJuCunRftwO6OzG6WOBgJ+J3sROIoSJWX+7PB2FtTJTEJLrHCcNwzCQc0r60bej3WAbaigK+VZtZCGw==
    dependencies:
      htmlparser2 "^6.0.0"
  
  colorette@^1.2.2:
    version "1.2.2"
    resolved "https://registry.yarnpkg.com/colorette/-/colorette-1.2.2.tgz#cbcc79d5e99caea2dbf10eb3a26fd8b3e6acfa94"
    integrity sha512-MKGMzyfeuutC/ZJ1cba9NqcNpfeqMUcYmyF1ZFY6/Cn7CNSAKx6a+s48sqLqyAiZuaP2TcqMhoo+dlwFnVxT9w==
  
  deepmerge@^4.2.2:
    version "4.2.2"
    resolved "https://registry.yarnpkg.com/deepmerge/-/deepmerge-4.2.2.tgz#44d2ea3679b8f4d4ffba33f03d865fc1e7bf4955"
    integrity sha512-FJ3UgI4gIl+PHZm53knsuSFpE+nESMr7M4v9QcgB7S63Kj/6WqMiFQJpBBYz1Pt+66bZpP3Q7Lye0Oo9MPKEdg==
  
  dom-serializer@^1.0.1:
    version "1.3.1"
    resolved "https://registry.yarnpkg.com/dom-serializer/-/dom-serializer-1.3.1.tgz#d845a1565d7c041a95e5dab62184ab41e3a519be"
    integrity sha512-Pv2ZluG5ife96udGgEDovOOOA5UELkltfJpnIExPrAk1LTvecolUGn6lIaoLh86d83GiB86CjzciMd9BuRB71Q==
    dependencies:
      domelementtype "^2.0.1"
      domhandler "^4.0.0"
      entities "^2.0.0"
  
  domelementtype@^2.0.1, domelementtype@^2.2.0:
    version "2.2.0"
    resolved "https://registry.yarnpkg.com/domelementtype/-/domelementtype-2.2.0.tgz#9a0b6c2782ed6a1c7323d42267183df9bd8b1d57"
    integrity sha512-DtBMo82pv1dFtUmHyr48beiuq792Sxohr+8Hm9zoxklYPfa6n0Z3Byjj2IV7bmr2IyqClnqEQhfgHJJ5QF0R5A==
  
  domhandler@^4.0.0, domhandler@^4.2.0:
    version "4.2.0"
    resolved "https://registry.yarnpkg.com/domhandler/-/domhandler-4.2.0.tgz#f9768a5f034be60a89a27c2e4d0f74eba0d8b059"
    integrity sha512-zk7sgt970kzPks2Bf+dwT/PLzghLnsivb9CcxkvR8Mzr66Olr0Ofd8neSbglHJHaHa2MadfoSdNlKYAaafmWfA==
    dependencies:
      domelementtype "^2.2.0"
  
  domutils@^2.5.2:
    version "2.6.0"
    resolved "https://registry.yarnpkg.com/domutils/-/domutils-2.6.0.tgz#2e15c04185d43fb16ae7057cb76433c6edb938b7"
    integrity sha512-y0BezHuy4MDYxh6OvolXYsH+1EMGmFbwv5FKW7ovwMG6zTPWqNPq3WF9ayZssFq+UlKdffGLbOEaghNdaOm1WA==
    dependencies:
      dom-serializer "^1.0.1"
      domelementtype "^2.2.0"
      domhandler "^4.2.0"
  
  entities@^2.0.0:
    version "2.2.0"
    resolved "https://registry.yarnpkg.com/entities/-/entities-2.2.0.tgz#098dc90ebb83d8dffa089d55256b351d34c4da55"
    integrity sha512-p92if5Nz619I0w+akJrLZH0MX0Pb5DX39XOwQTtXSdQQOaYH03S1uIQp4mhOZtAXrxq4ViO67YTiLBo2638o9A==
  
  escape-string-regexp@^4.0.0:
    version "4.0.0"
    resolved "https://registry.yarnpkg.com/escape-string-regexp/-/escape-string-regexp-4.0.0.tgz#14ba83a5d373e3d311e5afca29cf5bfad965bf34"
    integrity sha512-TtpcNJ3XAzx3Gq8sWRzJaVajRs0uVxA2YAkdb1jm2YkPz4G6egUFAyA3n5vtEIZefPk5Wa4UXbKuS5fKkJWdgA==
  
  htmlparser2@^6.0.0:
    version "6.1.0"
    resolved "https://registry.yarnpkg.com/htmlparser2/-/htmlparser2-6.1.0.tgz#c4d762b6c3371a05dbe65e94ae43a9f845fb8fb7"
    integrity sha512-gyyPk6rgonLFEDGoeRgQNaEUvdJ4ktTmmUh/h2t7s+M8oPpIPxgNACWa+6ESR57kXstwqPiCut0V8NRpcwgU7A==
    dependencies:
      domelementtype "^2.0.1"
      domhandler "^4.0.0"
      domutils "^2.5.2"
      entities "^2.0.0"
  
  is-plain-object@^5.0.0:
    version "5.0.0"
    resolved "https://registry.yarnpkg.com/is-plain-object/-/is-plain-object-5.0.0.tgz#4427f50ab3429e9025ea7d52e9043a9ef4159344"
    integrity sha512-VRSzKkbMm5jMDoKLbltAkFQ5Qr7VDiTFGXxYFXXowVj387GeGNOCsOH6Msy00SGZ3Fp84b1Naa1psqgcCIEP5Q==
  
  klona@^2.0.3:
    version "2.0.4"
    resolved "https://registry.yarnpkg.com/klona/-/klona-2.0.4.tgz#7bb1e3affb0cb8624547ef7e8f6708ea2e39dfc0"
    integrity sha512-ZRbnvdg/NxqzC7L9Uyqzf4psi1OM4Cuc+sJAkQPjO6XkQIJTNbfK2Rsmbw8fx1p2mkZdp2FZYo2+LwXYY/uwIA==
  
  marked@^2.0.3:
    version "2.0.3"
    resolved "https://registry.yarnpkg.com/marked/-/marked-2.0.3.tgz#3551c4958c4da36897bda2a16812ef1399c8d6b0"
    integrity sha512-5otztIIcJfPc2qGTN8cVtOJEjNJZ0jwa46INMagrYfk0EvqtRuEHLsEe0LrFS0/q+ZRKT0+kXK7P2T1AN5lWRA==
  
  nanoid@^3.1.23:
    version "3.1.23"
    resolved "https://registry.yarnpkg.com/nanoid/-/nanoid-3.1.23.tgz#f744086ce7c2bc47ee0a8472574d5c78e4183a81"
    integrity sha512-FiB0kzdP0FFVGDKlRLEQ1BgDzU87dy5NnzjeW9YZNt+/c3+q82EQDUwniSAUxp/F0gFNI1ZhKU1FqYsMuqZVnw==
  
  parse-srcset@^1.0.2:
    version "1.0.2"
    resolved "https://registry.yarnpkg.com/parse-srcset/-/parse-srcset-1.0.2.tgz#f2bd221f6cc970a938d88556abc589caaaa2bde1"
    integrity sha1-8r0iH2zJcKk42IVWq8WJyqqiveE=
  
  postcss@^8.0.2:
    version "8.2.15"
    resolved "https://registry.yarnpkg.com/postcss/-/postcss-8.2.15.tgz#9e66ccf07292817d226fc315cbbf9bc148fbca65"
    integrity sha512-2zO3b26eJD/8rb106Qu2o7Qgg52ND5HPjcyQiK2B98O388h43A448LCslC0dI2P97wCAQRJsFvwTRcXxTKds+Q==
    dependencies:
      colorette "^1.2.2"
      nanoid "^3.1.23"
      source-map "^0.6.1"
  
  sanitize-html@^2.3.3:
    version "2.3.3"
    resolved "https://registry.yarnpkg.com/sanitize-html/-/sanitize-html-2.3.3.tgz#3db382c9a621cce4c46d90f10c64f1e9da9e8353"
    integrity sha512-DCFXPt7Di0c6JUnlT90eIgrjs6TsJl/8HYU3KLdmrVclFN4O0heTcVbJiMa23OKVr6aR051XYtsgd8EWwEBwUA==
    dependencies:
      deepmerge "^4.2.2"
      escape-string-regexp "^4.0.0"
      htmlparser2 "^6.0.0"
      is-plain-object "^5.0.0"
      klona "^2.0.3"
      parse-srcset "^1.0.2"
      postcss "^8.0.2"
  
  source-map@^0.6.1:
    version "0.6.1"
    resolved "https://registry.yarnpkg.com/source-map/-/source-map-0.6.1.tgz#74722af32e9614e9c287a8d0bbde48b5e2f1a263"
    integrity sha512-UjgapumWlbMhkBgzT7Ykc5YXUT46F0iKu8SGXq0bcwP5dz/h0Plj6enJqjz1Zbq2l5WaqYnrVbwWOWMyF3F47g==
